[2021-12-31 06:47:08] [TestRunRegistrar.java] [1] [WARN] Reporting disabled: using no op test run registrar
[2021-12-31 06:47:08] [IMessager.java] [1] [INFO] TEST [gsm_arena - validateInvalidEmailSingUp] STARTED at [18:47:08 2021-12-31]
[2021-12-31 06:47:26] [DriverListener.java] [1] [INFO] PASS: element 'signUpButton' is clicked.
[2021-12-31 06:47:26] [DriverListener.java] [1] [INFO] PASS: keys cleared in element 'nicknameField'.
[2021-12-31 06:47:27] [DriverListener.java] [1] [INFO] PASS: keys 'Testing506073679' are sent to element 'nicknameField'.
[2021-12-31 06:47:27] [DriverListener.java] [1] [INFO] PASS: keys cleared in element 'emailField'.
[2021-12-31 06:47:28] [DriverListener.java] [1] [INFO] PASS: keys 'ABCDEF@g' are sent to element 'emailField'.
[2021-12-31 06:47:28] [DriverListener.java] [1] [INFO] PASS: keys cleared in element 'passwordField'.
[2021-12-31 06:47:29] [DriverListener.java] [1] [INFO] PASS: keys 'Testing' are sent to element 'passwordField'.
[2021-12-31 06:47:29] [DriverListener.java] [1] [ERROR] FAIL: element 'dataStorageCheckbox (By.xpath: //input[@id='iagree1' and @type='checkbox'])' is not clicked!
[2021-12-31 06:47:30] [ExtendedWebElement.java] [1] [WARN] Trying to do click by JavascriptExecutor because element 'dataStorageCheckbox (By.xpath: //input[@id='iagree1' and @type='checkbox'])' is not visible...
[2021-12-31 06:47:31] [DriverListener.java] [1] [ERROR] FAIL: element 'ageMajorityCheckbox (By.xpath: //input[@id='iagree2' and @type='checkbox'])' is not clicked!
[2021-12-31 06:47:32] [ExtendedWebElement.java] [1] [WARN] Trying to do click by JavascriptExecutor because element 'ageMajorityCheckbox (By.xpath: //input[@id='iagree2' and @type='checkbox'])' is not visible...
[2021-12-31 06:47:32] [DriverListener.java] [1] [INFO] PASS: element 'submitButton' is clicked.
[2021-12-31 06:47:33] [IMessager.java] [1] [INFO] TEST [gsm_arena - validateInvalidEmailSingUp] PASSED at [18:47:33 2021-12-31]
