[2022-01-07 07:51:38] [TestRunRegistrar.java] [1] [WARN] Reporting disabled: using no op test run registrar
[2022-01-07 07:51:38] [IMessager.java] [1] [INFO] TEST [gsm_arena - validateEmptyEmailSignUp] STARTED at [19:51:38 2022-01-07]
[2022-01-07 07:51:54] [DriverListener.java] [1] [INFO] PASS: element 'signUpButton' is clicked.
[2022-01-07 07:51:54] [DriverListener.java] [1] [INFO] PASS: keys cleared in element 'nicknameField'.
[2022-01-07 07:51:55] [DriverListener.java] [1] [INFO] PASS: keys 'Testing86909129' are sent to element 'nicknameField'.
[2022-01-07 07:51:55] [DriverListener.java] [1] [INFO] PASS: keys cleared in element 'passwordField'.
[2022-01-07 07:51:56] [DriverListener.java] [1] [INFO] PASS: keys 'Testing' are sent to element 'passwordField'.
[2022-01-07 07:51:56] [DriverListener.java] [1] [ERROR] FAIL: element 'dataStorageCheckbox (By.xpath: //input[@id='iagree1' and @type='checkbox'])' is not clicked!
[2022-01-07 07:51:58] [ExtendedWebElement.java] [1] [WARN] Trying to do click by JavascriptExecutor because element 'dataStorageCheckbox (By.xpath: //input[@id='iagree1' and @type='checkbox'])' is not visible...
[2022-01-07 07:51:58] [DriverListener.java] [1] [ERROR] FAIL: element 'ageMajorityCheckbox (By.xpath: //input[@id='iagree2' and @type='checkbox'])' is not clicked!
[2022-01-07 07:51:59] [ExtendedWebElement.java] [1] [WARN] Trying to do click by JavascriptExecutor because element 'ageMajorityCheckbox (By.xpath: //input[@id='iagree2' and @type='checkbox'])' is not visible...
[2022-01-07 07:51:59] [DriverListener.java] [1] [INFO] PASS: element 'submitButton' is clicked.
[2022-01-07 07:51:59] [IMessager.java] [1] [INFO] TEST [gsm_arena - validateEmptyEmailSignUp] PASSED at [19:51:59 2022-01-07]
