[2022-01-07 07:51:59] [TestRunRegistrar.java] [1] [WARN] Reporting disabled: using no op test run registrar
[2022-01-07 07:51:59] [IMessager.java] [1] [INFO] TEST [gsm_arena - validateEmptyNicknameSingUp] STARTED at [19:51:59 2022-01-07]
[2022-01-07 07:52:37] [DriverListener.java] [1] [INFO] PASS: element 'signUpButton' is clicked.
[2022-01-07 07:52:38] [DriverListener.java] [1] [INFO] PASS: keys cleared in element 'emailField'.
[2022-01-07 07:52:38] [DriverListener.java] [1] [INFO] PASS: keys 'ABCDEF@gmail.com' are sent to element 'emailField'.
[2022-01-07 07:52:39] [DriverListener.java] [1] [INFO] PASS: keys cleared in element 'passwordField'.
[2022-01-07 07:52:39] [DriverListener.java] [1] [INFO] PASS: keys 'Testing' are sent to element 'passwordField'.
[2022-01-07 07:52:39] [DriverListener.java] [1] [ERROR] FAIL: element 'dataStorageCheckbox (By.xpath: //input[@id='iagree1' and @type='checkbox'])' is not clicked!
[2022-01-07 07:52:41] [ExtendedWebElement.java] [1] [WARN] Trying to do click by JavascriptExecutor because element 'dataStorageCheckbox (By.xpath: //input[@id='iagree1' and @type='checkbox'])' is not visible...
[2022-01-07 07:52:41] [DriverListener.java] [1] [ERROR] FAIL: element 'ageMajorityCheckbox (By.xpath: //input[@id='iagree2' and @type='checkbox'])' is not clicked!
[2022-01-07 07:52:42] [ExtendedWebElement.java] [1] [WARN] Trying to do click by JavascriptExecutor because element 'ageMajorityCheckbox (By.xpath: //input[@id='iagree2' and @type='checkbox'])' is not visible...
[2022-01-07 07:52:43] [DriverListener.java] [1] [INFO] PASS: element 'submitButton' is clicked.
[2022-01-07 07:52:43] [IMessager.java] [1] [INFO] TEST [gsm_arena - validateEmptyNicknameSingUp] PASSED at [19:52:43 2022-01-07]
