[2021-12-31 06:44:01] [TestRunRegistrar.java] [1] [WARN] Reporting disabled: using no op test run registrar
[2021-12-31 06:44:01] [IMessager.java] [1] [INFO] TEST [gsm_arena - validateEmptyNicknameSingUp] STARTED at [18:44:01 2021-12-31]
[2021-12-31 06:44:15] [DriverListener.java] [1] [INFO] PASS: element 'signUpButton' is clicked.
[2021-12-31 06:44:15] [DriverListener.java] [1] [INFO] PASS: keys cleared in element 'emailField'.
[2021-12-31 06:44:16] [DriverListener.java] [1] [INFO] PASS: keys 'ABCDEF@gmail.com' are sent to element 'emailField'.
[2021-12-31 06:44:16] [DriverListener.java] [1] [INFO] PASS: keys cleared in element 'passwordField'.
[2021-12-31 06:44:17] [DriverListener.java] [1] [INFO] PASS: keys 'Testing' are sent to element 'passwordField'.
[2021-12-31 06:44:17] [DriverListener.java] [1] [ERROR] FAIL: element 'dataStorageCheckbox (By.xpath: //input[@id='iagree1' and @type='checkbox'])' is not clicked!
[2021-12-31 06:44:18] [ExtendedWebElement.java] [1] [WARN] Trying to do click by JavascriptExecutor because element 'dataStorageCheckbox (By.xpath: //input[@id='iagree1' and @type='checkbox'])' is not visible...
[2021-12-31 06:44:18] [DriverListener.java] [1] [ERROR] FAIL: element 'ageMajorityCheckbox (By.xpath: //input[@id='iagree2' and @type='checkbox'])' is not clicked!
[2021-12-31 06:44:20] [ExtendedWebElement.java] [1] [WARN] Trying to do click by JavascriptExecutor because element 'ageMajorityCheckbox (By.xpath: //input[@id='iagree2' and @type='checkbox'])' is not visible...
[2021-12-31 06:44:21] [DriverListener.java] [1] [INFO] PASS: element 'submitButton' is clicked.
[2021-12-31 06:44:21] [IMessager.java] [1] [INFO] TEST [gsm_arena - validateEmptyNicknameSingUp] PASSED at [18:44:21 2021-12-31]
